<?xml version="1.0" encoding="UTF-8"?>
<testng-results ignored="0" total="1" passed="1" failed="0" skipped="0">
  <reporter-output>
  </reporter-output>
  <suite started-at="2022-04-25T21:38:46 IST" name="Default suite" finished-at="2022-04-25T21:39:03 IST" duration-ms="16422">
    <groups>
    </groups>
    <test started-at="2022-04-25T21:38:46 IST" name="Default test" finished-at="2022-04-25T21:39:03 IST" duration-ms="16422">
      <class name="hrmlLoginTest.HRMLLoginExample">
        <test-method is-config="true" signature="launchpage()[pri:0, instance:hrmlLoginTest.HRMLLoginExample@3059cbc]" started-at="2022-04-25T21:38:46 IST" name="launchpage" finished-at="2022-04-25T21:38:57 IST" duration-ms="10253" status="PASS">
          <reporter-output>
          </reporter-output>
        </test-method> <!-- launchpage -->
        <test-method signature="getadminusername()[pri:0, instance:hrmlLoginTest.HRMLLoginExample@3059cbc]" started-at="2022-04-25T21:38:57 IST" name="getadminusername" finished-at="2022-04-25T21:39:01 IST" duration-ms="3873" status="PASS">
          <reporter-output>
          </reporter-output>
        </test-method> <!-- getadminusername -->
        <test-method is-config="true" signature="closeapp()[pri:0, instance:hrmlLoginTest.HRMLLoginExample@3059cbc]" started-at="2022-04-25T21:39:01 IST" name="closeapp" finished-at="2022-04-25T21:39:03 IST" duration-ms="2267" status="PASS">
          <reporter-output>
          </reporter-output>
        </test-method> <!-- closeapp -->
      </class> <!-- hrmlLoginTest.HRMLLoginExample -->
    </test> <!-- Default test -->
  </suite> <!-- Default suite -->
</testng-results>
